<?xml version="1.0" encoding="UTF-8"?>
<testsuite xmlns:xsi="http://www.w3.org/2001/XMLSchema-instance" xsi:noNamespaceSchemaLocation="https://maven.apache.org/surefire/maven-surefire-plugin/xsd/surefire-test-report.xsd" name="CalculatorTest" time="0.013" tests="2" errors="0" skipped="2" failures="0">
  <properties>
    <property name="java.specification.version" value="17"/>
    <property name="sun.cpu.isalist" value="amd64"/>
    <property name="sun.jnu.encoding" value="Cp1252"/>
    <property name="java.class.path" value="C:\myworkbench\taco-cloud-application\target\test-classes;C:\myworkbench\taco-cloud-application\target\classes;C:\myworkbench\mydata\maven2_repo\org\springframework\boot\spring-boot-starter\2.7.1\spring-boot-starter-2.7.1.jar;C:\myworkbench\mydata\maven2_repo\org\springframework\boot\spring-boot\2.7.1\spring-boot-2.7.1.jar;C:\myworkbench\mydata\maven2_repo\org\springframework\boot\spring-boot-autoconfigure\2.7.1\spring-boot-autoconfigure-2.7.1.jar;C:\myworkbench\mydata\maven2_repo\org\springframework\boot\spring-boot-starter-logging\2.7.1\spring-boot-starter-logging-2.7.1.jar;C:\myworkbench\mydata\maven2_repo\ch\qos\logback\logback-classic\1.2.11\logback-classic-1.2.11.jar;C:\myworkbench\mydata\maven2_repo\ch\qos\logback\logback-core\1.2.11\logback-core-1.2.11.jar;C:\myworkbench\mydata\maven2_repo\org\apache\logging\log4j\log4j-to-slf4j\2.17.2\log4j-to-slf4j-2.17.2.jar;C:\myworkbench\mydata\maven2_repo\org\apache\logging\log4j\log4j-api\2.17.2\log4j-api-2.17.2.jar;C:\myworkbench\mydata\maven2_repo\org\slf4j\jul-to-slf4j\1.7.36\jul-to-slf4j-1.7.36.jar;C:\myworkbench\mydata\maven2_repo\jakarta\annotation\jakarta.annotation-api\1.3.5\jakarta.annotation-api-1.3.5.jar;C:\myworkbench\mydata\maven2_repo\org\springframework\spring-core\5.3.21\spring-core-5.3.21.jar;C:\myworkbench\mydata\maven2_repo\org\springframework\spring-jcl\5.3.21\spring-jcl-5.3.21.jar;C:\myworkbench\mydata\maven2_repo\org\yaml\snakeyaml\1.30\snakeyaml-1.30.jar;C:\myworkbench\mydata\maven2_repo\org\springframework\boot\spring-boot-devtools\2.7.1\spring-boot-devtools-2.7.1.jar;C:\myworkbench\mydata\maven2_repo\org\springframework\boot\spring-boot-starter-web\2.7.1\spring-boot-starter-web-2.7.1.jar;C:\myworkbench\mydata\maven2_repo\org\springframework\boot\spring-boot-starter-json\2.7.1\spring-boot-starter-json-2.7.1.jar;C:\myworkbench\mydata\maven2_repo\com\fasterxml\jackson\core\jackson-databind\2.13.3\jackson-databind-2.13.3.jar;C:\myworkbench\mydata\maven2_repo\com\fasterxml\jackson\core\jackson-core\2.13.3\jackson-core-2.13.3.jar;C:\myworkbench\mydata\maven2_repo\com\fasterxml\jackson\datatype\jackson-datatype-jdk8\2.13.3\jackson-datatype-jdk8-2.13.3.jar;C:\myworkbench\mydata\maven2_repo\com\fasterxml\jackson\datatype\jackson-datatype-jsr310\2.13.3\jackson-datatype-jsr310-2.13.3.jar;C:\myworkbench\mydata\maven2_repo\com\fasterxml\jackson\module\jackson-module-parameter-names\2.13.3\jackson-module-parameter-names-2.13.3.jar;C:\myworkbench\mydata\maven2_repo\org\springframework\boot\spring-boot-starter-tomcat\2.7.1\spring-boot-starter-tomcat-2.7.1.jar;C:\myworkbench\mydata\maven2_repo\org\apache\tomcat\embed\tomcat-embed-core\9.0.64\tomcat-embed-core-9.0.64.jar;C:\myworkbench\mydata\maven2_repo\org\apache\tomcat\embed\tomcat-embed-websocket\9.0.64\tomcat-embed-websocket-9.0.64.jar;C:\myworkbench\mydata\maven2_repo\org\springframework\spring-web\5.3.21\spring-web-5.3.21.jar;C:\myworkbench\mydata\maven2_repo\org\springframework\spring-beans\5.3.21\spring-beans-5.3.21.jar;C:\myworkbench\mydata\maven2_repo\org\springframework\spring-webmvc\5.3.21\spring-webmvc-5.3.21.jar;C:\myworkbench\mydata\maven2_repo\org\springframework\spring-expression\5.3.21\spring-expression-5.3.21.jar;C:\myworkbench\mydata\maven2_repo\org\springframework\boot\spring-boot-starter-thymeleaf\2.7.1\spring-boot-starter-thymeleaf-2.7.1.jar;C:\myworkbench\mydata\maven2_repo\org\thymeleaf\thymeleaf-spring5\3.0.15.RELEASE\thymeleaf-spring5-3.0.15.RELEASE.jar;C:\myworkbench\mydata\maven2_repo\org\thymeleaf\thymeleaf\3.0.15.RELEASE\thymeleaf-3.0.15.RELEASE.jar;C:\myworkbench\mydata\maven2_repo\org\attoparser\attoparser\2.0.5.RELEASE\attoparser-2.0.5.RELEASE.jar;C:\myworkbench\mydata\maven2_repo\org\unbescape\unbescape\1.1.6.RELEASE\unbescape-1.1.6.RELEASE.jar;C:\myworkbench\mydata\maven2_repo\org\slf4j\slf4j-api\1.7.36\slf4j-api-1.7.36.jar;C:\myworkbench\mydata\maven2_repo\org\thymeleaf\extras\thymeleaf-extras-java8time\3.0.4.RELEASE\thymeleaf-extras-java8time-3.0.4.RELEASE.jar;C:\myworkbench\mydata\maven2_repo\org\junit\jupiter\junit-jupiter-api\5.8.2\junit-jupiter-api-5.8.2.jar;C:\myworkbench\mydata\maven2_repo\org\opentest4j\opentest4j\1.2.0\opentest4j-1.2.0.jar;C:\myworkbench\mydata\maven2_repo\org\junit\platform\junit-platform-commons\1.8.2\junit-platform-commons-1.8.2.jar;C:\myworkbench\mydata\maven2_repo\org\apiguardian\apiguardian-api\1.1.2\apiguardian-api-1.1.2.jar;C:\myworkbench\mydata\maven2_repo\org\junit\jupiter\junit-jupiter-engine\5.8.2\junit-jupiter-engine-5.8.2.jar;C:\myworkbench\mydata\maven2_repo\org\junit\platform\junit-platform-engine\1.8.2\junit-platform-engine-1.8.2.jar;C:\myworkbench\mydata\maven2_repo\org\springframework\boot\spring-boot-starter-validation\2.7.1\spring-boot-starter-validation-2.7.1.jar;C:\myworkbench\mydata\maven2_repo\org\apache\tomcat\embed\tomcat-embed-el\9.0.64\tomcat-embed-el-9.0.64.jar;C:\myworkbench\mydata\maven2_repo\org\hibernate\validator\hibernate-validator\6.2.3.Final\hibernate-validator-6.2.3.Final.jar;C:\myworkbench\mydata\maven2_repo\jakarta\validation\jakarta.validation-api\2.0.2\jakarta.validation-api-2.0.2.jar;C:\myworkbench\mydata\maven2_repo\org\jboss\logging\jboss-logging\3.4.3.Final\jboss-logging-3.4.3.Final.jar;C:\myworkbench\mydata\maven2_repo\com\fasterxml\classmate\1.5.1\classmate-1.5.1.jar;C:\myworkbench\mydata\maven2_repo\org\springframework\boot\spring-boot-starter-data-rest\2.7.1\spring-boot-starter-data-rest-2.7.1.jar;C:\myworkbench\mydata\maven2_repo\org\springframework\data\spring-data-rest-webmvc\3.7.1\spring-data-rest-webmvc-3.7.1.jar;C:\myworkbench\mydata\maven2_repo\org\springframework\data\spring-data-rest-core\3.7.1\spring-data-rest-core-3.7.1.jar;C:\myworkbench\mydata\maven2_repo\org\atteo\evo-inflector\1.3\evo-inflector-1.3.jar;C:\myworkbench\mydata\maven2_repo\com\fasterxml\jackson\core\jackson-annotations\2.13.3\jackson-annotations-2.13.3.jar;C:\myworkbench\mydata\maven2_repo\org\springframework\boot\spring-boot-starter-batch\2.7.1\spring-boot-starter-batch-2.7.1.jar;C:\myworkbench\mydata\maven2_repo\org\springframework\boot\spring-boot-starter-jdbc\2.7.1\spring-boot-starter-jdbc-2.7.1.jar;C:\myworkbench\mydata\maven2_repo\com\zaxxer\HikariCP\4.0.3\HikariCP-4.0.3.jar;C:\myworkbench\mydata\maven2_repo\org\springframework\spring-jdbc\5.3.21\spring-jdbc-5.3.21.jar;C:\myworkbench\mydata\maven2_repo\org\springframework\batch\spring-batch-core\4.3.6\spring-batch-core-4.3.6.jar;C:\myworkbench\mydata\maven2_repo\io\micrometer\micrometer-core\1.9.1\micrometer-core-1.9.1.jar;C:\myworkbench\mydata\maven2_repo\org\hdrhistogram\HdrHistogram\2.1.12\HdrHistogram-2.1.12.jar;C:\myworkbench\mydata\maven2_repo\org\latencyutils\LatencyUtils\2.0.3\LatencyUtils-2.0.3.jar;C:\myworkbench\mydata\maven2_repo\javax\batch\javax.batch-api\1.0\javax.batch-api-1.0.jar;C:\myworkbench\mydata\maven2_repo\org\codehaus\jettison\jettison\1.2\jettison-1.2.jar;C:\myworkbench\mydata\maven2_repo\org\springframework\batch\spring-batch-infrastructure\4.3.6\spring-batch-infrastructure-4.3.6.jar;C:\myworkbench\mydata\maven2_repo\org\springframework\boot\spring-boot-starter-hateoas\2.7.1\spring-boot-starter-hateoas-2.7.1.jar;C:\myworkbench\mydata\maven2_repo\org\springframework\hateoas\spring-hateoas\1.5.1\spring-hateoas-1.5.1.jar;C:\myworkbench\mydata\maven2_repo\org\springframework\plugin\spring-plugin-core\2.0.0.RELEASE\spring-plugin-core-2.0.0.RELEASE.jar;C:\myworkbench\mydata\maven2_repo\com\jayway\jsonpath\json-path\2.7.0\json-path-2.7.0.jar;C:\myworkbench\mydata\maven2_repo\net\minidev\json-smart\2.4.8\json-smart-2.4.8.jar;C:\myworkbench\mydata\maven2_repo\net\minidev\accessors-smart\2.4.8\accessors-smart-2.4.8.jar;C:\myworkbench\mydata\maven2_repo\org\ow2\asm\asm\9.1\asm-9.1.jar;C:\myworkbench\mydata\maven2_repo\org\springframework\boot\spring-boot-starter-artemis\2.7.1\spring-boot-starter-artemis-2.7.1.jar;C:\myworkbench\mydata\maven2_repo\org\springframework\spring-jms\5.3.21\spring-jms-5.3.21.jar;C:\myworkbench\mydata\maven2_repo\org\apache\activemq\artemis-jms-client\2.19.1\artemis-jms-client-2.19.1.jar;C:\myworkbench\mydata\maven2_repo\org\apache\activemq\artemis-core-client\2.19.1\artemis-core-client-2.19.1.jar;C:\myworkbench\mydata\maven2_repo\org\jgroups\jgroups\3.6.13.Final\jgroups-3.6.13.Final.jar;C:\myworkbench\mydata\maven2_repo\jakarta\json\jakarta.json-api\1.1.6\jakarta.json-api-1.1.6.jar;C:\myworkbench\mydata\maven2_repo\org\apache\johnzon\johnzon-core\1.2.18\johnzon-core-1.2.18.jar;C:\myworkbench\mydata\maven2_repo\io\netty\netty-transport-native-epoll\4.1.78.Final\netty-transport-native-epoll-4.1.78.Final-linux-x86_64.jar;C:\myworkbench\mydata\maven2_repo\io\netty\netty-transport-native-unix-common\4.1.78.Final\netty-transport-native-unix-common-4.1.78.Final.jar;C:\myworkbench\mydata\maven2_repo\io\netty\netty-transport-classes-epoll\4.1.78.Final\netty-transport-classes-epoll-4.1.78.Final.jar;C:\myworkbench\mydata\maven2_repo\io\netty\netty-transport-native-kqueue\4.1.78.Final\netty-transport-native-kqueue-4.1.78.Final-osx-x86_64.jar;C:\myworkbench\mydata\maven2_repo\io\netty\netty-transport-classes-kqueue\4.1.78.Final\netty-transport-classes-kqueue-4.1.78.Final.jar;C:\myworkbench\mydata\maven2_repo\io\netty\netty-codec-http\4.1.78.Final\netty-codec-http-4.1.78.Final.jar;C:\myworkbench\mydata\maven2_repo\io\netty\netty-buffer\4.1.78.Final\netty-buffer-4.1.78.Final.jar;C:\myworkbench\mydata\maven2_repo\io\netty\netty-transport\4.1.78.Final\netty-transport-4.1.78.Final.jar;C:\myworkbench\mydata\maven2_repo\io\netty\netty-resolver\4.1.78.Final\netty-resolver-4.1.78.Final.jar;C:\myworkbench\mydata\maven2_repo\io\netty\netty-handler\4.1.78.Final\netty-handler-4.1.78.Final.jar;C:\myworkbench\mydata\maven2_repo\io\netty\netty-handler-proxy\4.1.78.Final\netty-handler-proxy-4.1.78.Final.jar;C:\myworkbench\mydata\maven2_repo\io\netty\netty-codec\4.1.78.Final\netty-codec-4.1.78.Final.jar;C:\myworkbench\mydata\maven2_repo\io\netty\netty-codec-socks\4.1.78.Final\netty-codec-socks-4.1.78.Final.jar;C:\myworkbench\mydata\maven2_repo\io\netty\netty-common\4.1.78.Final\netty-common-4.1.78.Final.jar;C:\myworkbench\mydata\maven2_repo\org\apache\activemq\artemis-commons\2.19.1\artemis-commons-2.19.1.jar;C:\myworkbench\mydata\maven2_repo\commons-beanutils\commons-beanutils\1.9.4\commons-beanutils-1.9.4.jar;C:\myworkbench\mydata\maven2_repo\commons-collections\commons-collections\3.2.2\commons-collections-3.2.2.jar;C:\myworkbench\mydata\maven2_repo\org\apache\activemq\artemis-selector\2.19.1\artemis-selector-2.19.1.jar;C:\myworkbench\mydata\maven2_repo\jakarta\jms\jakarta.jms-api\2.0.3\jakarta.jms-api-2.0.3.jar;C:\myworkbench\mydata\maven2_repo\org\springframework\boot\spring-boot-starter-amqp\2.7.1\spring-boot-starter-amqp-2.7.1.jar;C:\myworkbench\mydata\maven2_repo\org\springframework\spring-messaging\5.3.21\spring-messaging-5.3.21.jar;C:\myworkbench\mydata\maven2_repo\org\springframework\amqp\spring-rabbit\2.4.6\spring-rabbit-2.4.6.jar;C:\myworkbench\mydata\maven2_repo\org\springframework\amqp\spring-amqp\2.4.6\spring-amqp-2.4.6.jar;C:\myworkbench\mydata\maven2_repo\com\rabbitmq\amqp-client\5.14.2\amqp-client-5.14.2.jar;C:\myworkbench\mydata\maven2_repo\org\springframework\kafka\spring-kafka\2.8.7\spring-kafka-2.8.7.jar;C:\myworkbench\mydata\maven2_repo\org\springframework\spring-context\5.3.21\spring-context-5.3.21.jar;C:\myworkbench\mydata\maven2_repo\org\springframework\spring-tx\5.3.21\spring-tx-5.3.21.jar;C:\myworkbench\mydata\maven2_repo\org\springframework\retry\spring-retry\1.3.3\spring-retry-1.3.3.jar;C:\myworkbench\mydata\maven2_repo\org\apache\kafka\kafka-clients\3.1.1\kafka-clients-3.1.1.jar;C:\myworkbench\mydata\maven2_repo\com\github\luben\zstd-jni\1.5.0-4\zstd-jni-1.5.0-4.jar;C:\myworkbench\mydata\maven2_repo\org\lz4\lz4-java\1.8.0\lz4-java-1.8.0.jar;C:\myworkbench\mydata\maven2_repo\org\xerial\snappy\snappy-java\1.1.8.4\snappy-java-1.1.8.4.jar;C:\myworkbench\mydata\maven2_repo\com\google\code\findbugs\jsr305\3.0.2\jsr305-3.0.2.jar;C:\myworkbench\mydata\maven2_repo\com\h2database\h2\2.1.214\h2-2.1.214.jar;C:\myworkbench\mydata\maven2_repo\org\apache\derby\derby\10.14.2.0\derby-10.14.2.0.jar;C:\myworkbench\mydata\maven2_repo\org\springframework\boot\spring-boot-starter-security\2.7.1\spring-boot-starter-security-2.7.1.jar;C:\myworkbench\mydata\maven2_repo\org\springframework\spring-aop\5.3.21\spring-aop-5.3.21.jar;C:\myworkbench\mydata\maven2_repo\org\springframework\security\spring-security-config\5.7.2\spring-security-config-5.7.2.jar;C:\myworkbench\mydata\maven2_repo\org\springframework\security\spring-security-core\5.7.2\spring-security-core-5.7.2.jar;C:\myworkbench\mydata\maven2_repo\org\springframework\security\spring-security-crypto\5.7.2\spring-security-crypto-5.7.2.jar;C:\myworkbench\mydata\maven2_repo\org\springframework\security\spring-security-web\5.7.2\spring-security-web-5.7.2.jar;C:\myworkbench\mydata\maven2_repo\org\projectlombok\lombok\1.18.24\lombok-1.18.24.jar;C:\myworkbench\mydata\maven2_repo\org\springframework\boot\spring-boot-starter-data-jpa\2.7.1\spring-boot-starter-data-jpa-2.7.1.jar;C:\myworkbench\mydata\maven2_repo\org\springframework\boot\spring-boot-starter-aop\2.7.1\spring-boot-starter-aop-2.7.1.jar;C:\myworkbench\mydata\maven2_repo\org\aspectj\aspectjweaver\1.9.7\aspectjweaver-1.9.7.jar;C:\myworkbench\mydata\maven2_repo\jakarta\transaction\jakarta.transaction-api\1.3.3\jakarta.transaction-api-1.3.3.jar;C:\myworkbench\mydata\maven2_repo\jakarta\persistence\jakarta.persistence-api\2.2.3\jakarta.persistence-api-2.2.3.jar;C:\myworkbench\mydata\maven2_repo\org\hibernate\hibernate-core\5.6.9.Final\hibernate-core-5.6.9.Final.jar;C:\myworkbench\mydata\maven2_repo\net\bytebuddy\byte-buddy\1.12.11\byte-buddy-1.12.11.jar;C:\myworkbench\mydata\maven2_repo\antlr\antlr\2.7.7\antlr-2.7.7.jar;C:\myworkbench\mydata\maven2_repo\org\jboss\jandex\2.4.2.Final\jandex-2.4.2.Final.jar;C:\myworkbench\mydata\maven2_repo\org\hibernate\common\hibernate-commons-annotations\5.1.2.Final\hibernate-commons-annotations-5.1.2.Final.jar;C:\myworkbench\mydata\maven2_repo\org\glassfish\jaxb\jaxb-runtime\2.3.6\jaxb-runtime-2.3.6.jar;C:\myworkbench\mydata\maven2_repo\jakarta\xml\bind\jakarta.xml.bind-api\2.3.3\jakarta.xml.bind-api-2.3.3.jar;C:\myworkbench\mydata\maven2_repo\org\glassfish\jaxb\txw2\2.3.6\txw2-2.3.6.jar;C:\myworkbench\mydata\maven2_repo\com\sun\istack\istack-commons-runtime\3.0.12\istack-commons-runtime-3.0.12.jar;C:\myworkbench\mydata\maven2_repo\com\sun\activation\jakarta.activation\1.2.2\jakarta.activation-1.2.2.jar;C:\myworkbench\mydata\maven2_repo\org\springframework\data\spring-data-jpa\2.7.1\spring-data-jpa-2.7.1.jar;C:\myworkbench\mydata\maven2_repo\org\springframework\data\spring-data-commons\2.7.1\spring-data-commons-2.7.1.jar;C:\myworkbench\mydata\maven2_repo\org\springframework\spring-orm\5.3.21\spring-orm-5.3.21.jar;C:\myworkbench\mydata\maven2_repo\org\springframework\spring-aspects\5.3.21\spring-aspects-5.3.21.jar;"/>
    <property name="java.vm.vendor" value="Azul Systems, Inc."/>
    <property name="sun.arch.data.model" value="64"/>
    <property name="user.variant" value=""/>
    <property name="java.vendor.url" value="http://www.azul.com/"/>
    <property name="user.timezone" value="Africa/Johannesburg"/>
    <property name="os.name" value="Windows 11"/>
    <property name="java.vm.specification.version" value="17"/>
    <property name="sun.java.launcher" value="SUN_STANDARD"/>
    <property name="user.country" value="ZA"/>
    <property name="sun.boot.library.path" value="C:\Users\vusimuzi.masilela\.jdks\azul-17.0.12\bin"/>
    <property name="sun.java.command" value="C:\Users\VUSIMU~1.MAS\AppData\Local\Temp\surefire16535761430379724913\surefirebooter9215293358988068498.jar C:\Users\vusimuzi.masilela\AppData\Local\Temp\surefire16535761430379724913 2024-08-06T22-20-33_784-jvmRun1 surefire9685990056635733143tmp surefire_05783663743459715689tmp"/>
    <property name="jdk.debug" value="release"/>
    <property name="surefire.test.class.path" value="C:\myworkbench\taco-cloud-application\target\test-classes;C:\myworkbench\taco-cloud-application\target\classes;C:\myworkbench\mydata\maven2_repo\org\springframework\boot\spring-boot-starter\2.7.1\spring-boot-starter-2.7.1.jar;C:\myworkbench\mydata\maven2_repo\org\springframework\boot\spring-boot\2.7.1\spring-boot-2.7.1.jar;C:\myworkbench\mydata\maven2_repo\org\springframework\boot\spring-boot-autoconfigure\2.7.1\spring-boot-autoconfigure-2.7.1.jar;C:\myworkbench\mydata\maven2_repo\org\springframework\boot\spring-boot-starter-logging\2.7.1\spring-boot-starter-logging-2.7.1.jar;C:\myworkbench\mydata\maven2_repo\ch\qos\logback\logback-classic\1.2.11\logback-classic-1.2.11.jar;C:\myworkbench\mydata\maven2_repo\ch\qos\logback\logback-core\1.2.11\logback-core-1.2.11.jar;C:\myworkbench\mydata\maven2_repo\org\apache\logging\log4j\log4j-to-slf4j\2.17.2\log4j-to-slf4j-2.17.2.jar;C:\myworkbench\mydata\maven2_repo\org\apache\logging\log4j\log4j-api\2.17.2\log4j-api-2.17.2.jar;C:\myworkbench\mydata\maven2_repo\org\slf4j\jul-to-slf4j\1.7.36\jul-to-slf4j-1.7.36.jar;C:\myworkbench\mydata\maven2_repo\jakarta\annotation\jakarta.annotation-api\1.3.5\jakarta.annotation-api-1.3.5.jar;C:\myworkbench\mydata\maven2_repo\org\springframework\spring-core\5.3.21\spring-core-5.3.21.jar;C:\myworkbench\mydata\maven2_repo\org\springframework\spring-jcl\5.3.21\spring-jcl-5.3.21.jar;C:\myworkbench\mydata\maven2_repo\org\yaml\snakeyaml\1.30\snakeyaml-1.30.jar;C:\myworkbench\mydata\maven2_repo\org\springframework\boot\spring-boot-devtools\2.7.1\spring-boot-devtools-2.7.1.jar;C:\myworkbench\mydata\maven2_repo\org\springframework\boot\spring-boot-starter-web\2.7.1\spring-boot-starter-web-2.7.1.jar;C:\myworkbench\mydata\maven2_repo\org\springframework\boot\spring-boot-starter-json\2.7.1\spring-boot-starter-json-2.7.1.jar;C:\myworkbench\mydata\maven2_repo\com\fasterxml\jackson\core\jackson-databind\2.13.3\jackson-databind-2.13.3.jar;C:\myworkbench\mydata\maven2_repo\com\fasterxml\jackson\core\jackson-core\2.13.3\jackson-core-2.13.3.jar;C:\myworkbench\mydata\maven2_repo\com\fasterxml\jackson\datatype\jackson-datatype-jdk8\2.13.3\jackson-datatype-jdk8-2.13.3.jar;C:\myworkbench\mydata\maven2_repo\com\fasterxml\jackson\datatype\jackson-datatype-jsr310\2.13.3\jackson-datatype-jsr310-2.13.3.jar;C:\myworkbench\mydata\maven2_repo\com\fasterxml\jackson\module\jackson-module-parameter-names\2.13.3\jackson-module-parameter-names-2.13.3.jar;C:\myworkbench\mydata\maven2_repo\org\springframework\boot\spring-boot-starter-tomcat\2.7.1\spring-boot-starter-tomcat-2.7.1.jar;C:\myworkbench\mydata\maven2_repo\org\apache\tomcat\embed\tomcat-embed-core\9.0.64\tomcat-embed-core-9.0.64.jar;C:\myworkbench\mydata\maven2_repo\org\apache\tomcat\embed\tomcat-embed-websocket\9.0.64\tomcat-embed-websocket-9.0.64.jar;C:\myworkbench\mydata\maven2_repo\org\springframework\spring-web\5.3.21\spring-web-5.3.21.jar;C:\myworkbench\mydata\maven2_repo\org\springframework\spring-beans\5.3.21\spring-beans-5.3.21.jar;C:\myworkbench\mydata\maven2_repo\org\springframework\spring-webmvc\5.3.21\spring-webmvc-5.3.21.jar;C:\myworkbench\mydata\maven2_repo\org\springframework\spring-expression\5.3.21\spring-expression-5.3.21.jar;C:\myworkbench\mydata\maven2_repo\org\springframework\boot\spring-boot-starter-thymeleaf\2.7.1\spring-boot-starter-thymeleaf-2.7.1.jar;C:\myworkbench\mydata\maven2_repo\org\thymeleaf\thymeleaf-spring5\3.0.15.RELEASE\thymeleaf-spring5-3.0.15.RELEASE.jar;C:\myworkbench\mydata\maven2_repo\org\thymeleaf\thymeleaf\3.0.15.RELEASE\thymeleaf-3.0.15.RELEASE.jar;C:\myworkbench\mydata\maven2_repo\org\attoparser\attoparser\2.0.5.RELEASE\attoparser-2.0.5.RELEASE.jar;C:\myworkbench\mydata\maven2_repo\org\unbescape\unbescape\1.1.6.RELEASE\unbescape-1.1.6.RELEASE.jar;C:\myworkbench\mydata\maven2_repo\org\slf4j\slf4j-api\1.7.36\slf4j-api-1.7.36.jar;C:\myworkbench\mydata\maven2_repo\org\thymeleaf\extras\thymeleaf-extras-java8time\3.0.4.RELEASE\thymeleaf-extras-java8time-3.0.4.RELEASE.jar;C:\myworkbench\mydata\maven2_repo\org\junit\jupiter\junit-jupiter-api\5.8.2\junit-jupiter-api-5.8.2.jar;C:\myworkbench\mydata\maven2_repo\org\opentest4j\opentest4j\1.2.0\opentest4j-1.2.0.jar;C:\myworkbench\mydata\maven2_repo\org\junit\platform\junit-platform-commons\1.8.2\junit-platform-commons-1.8.2.jar;C:\myworkbench\mydata\maven2_repo\org\apiguardian\apiguardian-api\1.1.2\apiguardian-api-1.1.2.jar;C:\myworkbench\mydata\maven2_repo\org\junit\jupiter\junit-jupiter-engine\5.8.2\junit-jupiter-engine-5.8.2.jar;C:\myworkbench\mydata\maven2_repo\org\junit\platform\junit-platform-engine\1.8.2\junit-platform-engine-1.8.2.jar;C:\myworkbench\mydata\maven2_repo\org\springframework\boot\spring-boot-starter-validation\2.7.1\spring-boot-starter-validation-2.7.1.jar;C:\myworkbench\mydata\maven2_repo\org\apache\tomcat\embed\tomcat-embed-el\9.0.64\tomcat-embed-el-9.0.64.jar;C:\myworkbench\mydata\maven2_repo\org\hibernate\validator\hibernate-validator\6.2.3.Final\hibernate-validator-6.2.3.Final.jar;C:\myworkbench\mydata\maven2_repo\jakarta\validation\jakarta.validation-api\2.0.2\jakarta.validation-api-2.0.2.jar;C:\myworkbench\mydata\maven2_repo\org\jboss\logging\jboss-logging\3.4.3.Final\jboss-logging-3.4.3.Final.jar;C:\myworkbench\mydata\maven2_repo\com\fasterxml\classmate\1.5.1\classmate-1.5.1.jar;C:\myworkbench\mydata\maven2_repo\org\springframework\boot\spring-boot-starter-data-rest\2.7.1\spring-boot-starter-data-rest-2.7.1.jar;C:\myworkbench\mydata\maven2_repo\org\springframework\data\spring-data-rest-webmvc\3.7.1\spring-data-rest-webmvc-3.7.1.jar;C:\myworkbench\mydata\maven2_repo\org\springframework\data\spring-data-rest-core\3.7.1\spring-data-rest-core-3.7.1.jar;C:\myworkbench\mydata\maven2_repo\org\atteo\evo-inflector\1.3\evo-inflector-1.3.jar;C:\myworkbench\mydata\maven2_repo\com\fasterxml\jackson\core\jackson-annotations\2.13.3\jackson-annotations-2.13.3.jar;C:\myworkbench\mydata\maven2_repo\org\springframework\boot\spring-boot-starter-batch\2.7.1\spring-boot-starter-batch-2.7.1.jar;C:\myworkbench\mydata\maven2_repo\org\springframework\boot\spring-boot-starter-jdbc\2.7.1\spring-boot-starter-jdbc-2.7.1.jar;C:\myworkbench\mydata\maven2_repo\com\zaxxer\HikariCP\4.0.3\HikariCP-4.0.3.jar;C:\myworkbench\mydata\maven2_repo\org\springframework\spring-jdbc\5.3.21\spring-jdbc-5.3.21.jar;C:\myworkbench\mydata\maven2_repo\org\springframework\batch\spring-batch-core\4.3.6\spring-batch-core-4.3.6.jar;C:\myworkbench\mydata\maven2_repo\io\micrometer\micrometer-core\1.9.1\micrometer-core-1.9.1.jar;C:\myworkbench\mydata\maven2_repo\org\hdrhistogram\HdrHistogram\2.1.12\HdrHistogram-2.1.12.jar;C:\myworkbench\mydata\maven2_repo\org\latencyutils\LatencyUtils\2.0.3\LatencyUtils-2.0.3.jar;C:\myworkbench\mydata\maven2_repo\javax\batch\javax.batch-api\1.0\javax.batch-api-1.0.jar;C:\myworkbench\mydata\maven2_repo\org\codehaus\jettison\jettison\1.2\jettison-1.2.jar;C:\myworkbench\mydata\maven2_repo\org\springframework\batch\spring-batch-infrastructure\4.3.6\spring-batch-infrastructure-4.3.6.jar;C:\myworkbench\mydata\maven2_repo\org\springframework\boot\spring-boot-starter-hateoas\2.7.1\spring-boot-starter-hateoas-2.7.1.jar;C:\myworkbench\mydata\maven2_repo\org\springframework\hateoas\spring-hateoas\1.5.1\spring-hateoas-1.5.1.jar;C:\myworkbench\mydata\maven2_repo\org\springframework\plugin\spring-plugin-core\2.0.0.RELEASE\spring-plugin-core-2.0.0.RELEASE.jar;C:\myworkbench\mydata\maven2_repo\com\jayway\jsonpath\json-path\2.7.0\json-path-2.7.0.jar;C:\myworkbench\mydata\maven2_repo\net\minidev\json-smart\2.4.8\json-smart-2.4.8.jar;C:\myworkbench\mydata\maven2_repo\net\minidev\accessors-smart\2.4.8\accessors-smart-2.4.8.jar;C:\myworkbench\mydata\maven2_repo\org\ow2\asm\asm\9.1\asm-9.1.jar;C:\myworkbench\mydata\maven2_repo\org\springframework\boot\spring-boot-starter-artemis\2.7.1\spring-boot-starter-artemis-2.7.1.jar;C:\myworkbench\mydata\maven2_repo\org\springframework\spring-jms\5.3.21\spring-jms-5.3.21.jar;C:\myworkbench\mydata\maven2_repo\org\apache\activemq\artemis-jms-client\2.19.1\artemis-jms-client-2.19.1.jar;C:\myworkbench\mydata\maven2_repo\org\apache\activemq\artemis-core-client\2.19.1\artemis-core-client-2.19.1.jar;C:\myworkbench\mydata\maven2_repo\org\jgroups\jgroups\3.6.13.Final\jgroups-3.6.13.Final.jar;C:\myworkbench\mydata\maven2_repo\jakarta\json\jakarta.json-api\1.1.6\jakarta.json-api-1.1.6.jar;C:\myworkbench\mydata\maven2_repo\org\apache\johnzon\johnzon-core\1.2.18\johnzon-core-1.2.18.jar;C:\myworkbench\mydata\maven2_repo\io\netty\netty-transport-native-epoll\4.1.78.Final\netty-transport-native-epoll-4.1.78.Final-linux-x86_64.jar;C:\myworkbench\mydata\maven2_repo\io\netty\netty-transport-native-unix-common\4.1.78.Final\netty-transport-native-unix-common-4.1.78.Final.jar;C:\myworkbench\mydata\maven2_repo\io\netty\netty-transport-classes-epoll\4.1.78.Final\netty-transport-classes-epoll-4.1.78.Final.jar;C:\myworkbench\mydata\maven2_repo\io\netty\netty-transport-native-kqueue\4.1.78.Final\netty-transport-native-kqueue-4.1.78.Final-osx-x86_64.jar;C:\myworkbench\mydata\maven2_repo\io\netty\netty-transport-classes-kqueue\4.1.78.Final\netty-transport-classes-kqueue-4.1.78.Final.jar;C:\myworkbench\mydata\maven2_repo\io\netty\netty-codec-http\4.1.78.Final\netty-codec-http-4.1.78.Final.jar;C:\myworkbench\mydata\maven2_repo\io\netty\netty-buffer\4.1.78.Final\netty-buffer-4.1.78.Final.jar;C:\myworkbench\mydata\maven2_repo\io\netty\netty-transport\4.1.78.Final\netty-transport-4.1.78.Final.jar;C:\myworkbench\mydata\maven2_repo\io\netty\netty-resolver\4.1.78.Final\netty-resolver-4.1.78.Final.jar;C:\myworkbench\mydata\maven2_repo\io\netty\netty-handler\4.1.78.Final\netty-handler-4.1.78.Final.jar;C:\myworkbench\mydata\maven2_repo\io\netty\netty-handler-proxy\4.1.78.Final\netty-handler-proxy-4.1.78.Final.jar;C:\myworkbench\mydata\maven2_repo\io\netty\netty-codec\4.1.78.Final\netty-codec-4.1.78.Final.jar;C:\myworkbench\mydata\maven2_repo\io\netty\netty-codec-socks\4.1.78.Final\netty-codec-socks-4.1.78.Final.jar;C:\myworkbench\mydata\maven2_repo\io\netty\netty-common\4.1.78.Final\netty-common-4.1.78.Final.jar;C:\myworkbench\mydata\maven2_repo\org\apache\activemq\artemis-commons\2.19.1\artemis-commons-2.19.1.jar;C:\myworkbench\mydata\maven2_repo\commons-beanutils\commons-beanutils\1.9.4\commons-beanutils-1.9.4.jar;C:\myworkbench\mydata\maven2_repo\commons-collections\commons-collections\3.2.2\commons-collections-3.2.2.jar;C:\myworkbench\mydata\maven2_repo\org\apache\activemq\artemis-selector\2.19.1\artemis-selector-2.19.1.jar;C:\myworkbench\mydata\maven2_repo\jakarta\jms\jakarta.jms-api\2.0.3\jakarta.jms-api-2.0.3.jar;C:\myworkbench\mydata\maven2_repo\org\springframework\boot\spring-boot-starter-amqp\2.7.1\spring-boot-starter-amqp-2.7.1.jar;C:\myworkbench\mydata\maven2_repo\org\springframework\spring-messaging\5.3.21\spring-messaging-5.3.21.jar;C:\myworkbench\mydata\maven2_repo\org\springframework\amqp\spring-rabbit\2.4.6\spring-rabbit-2.4.6.jar;C:\myworkbench\mydata\maven2_repo\org\springframework\amqp\spring-amqp\2.4.6\spring-amqp-2.4.6.jar;C:\myworkbench\mydata\maven2_repo\com\rabbitmq\amqp-client\5.14.2\amqp-client-5.14.2.jar;C:\myworkbench\mydata\maven2_repo\org\springframework\kafka\spring-kafka\2.8.7\spring-kafka-2.8.7.jar;C:\myworkbench\mydata\maven2_repo\org\springframework\spring-context\5.3.21\spring-context-5.3.21.jar;C:\myworkbench\mydata\maven2_repo\org\springframework\spring-tx\5.3.21\spring-tx-5.3.21.jar;C:\myworkbench\mydata\maven2_repo\org\springframework\retry\spring-retry\1.3.3\spring-retry-1.3.3.jar;C:\myworkbench\mydata\maven2_repo\org\apache\kafka\kafka-clients\3.1.1\kafka-clients-3.1.1.jar;C:\myworkbench\mydata\maven2_repo\com\github\luben\zstd-jni\1.5.0-4\zstd-jni-1.5.0-4.jar;C:\myworkbench\mydata\maven2_repo\org\lz4\lz4-java\1.8.0\lz4-java-1.8.0.jar;C:\myworkbench\mydata\maven2_repo\org\xerial\snappy\snappy-java\1.1.8.4\snappy-java-1.1.8.4.jar;C:\myworkbench\mydata\maven2_repo\com\google\code\findbugs\jsr305\3.0.2\jsr305-3.0.2.jar;C:\myworkbench\mydata\maven2_repo\com\h2database\h2\2.1.214\h2-2.1.214.jar;C:\myworkbench\mydata\maven2_repo\org\apache\derby\derby\10.14.2.0\derby-10.14.2.0.jar;C:\myworkbench\mydata\maven2_repo\org\springframework\boot\spring-boot-starter-security\2.7.1\spring-boot-starter-security-2.7.1.jar;C:\myworkbench\mydata\maven2_repo\org\springframework\spring-aop\5.3.21\spring-aop-5.3.21.jar;C:\myworkbench\mydata\maven2_repo\org\springframework\security\spring-security-config\5.7.2\spring-security-config-5.7.2.jar;C:\myworkbench\mydata\maven2_repo\org\springframework\security\spring-security-core\5.7.2\spring-security-core-5.7.2.jar;C:\myworkbench\mydata\maven2_repo\org\springframework\security\spring-security-crypto\5.7.2\spring-security-crypto-5.7.2.jar;C:\myworkbench\mydata\maven2_repo\org\springframework\security\spring-security-web\5.7.2\spring-security-web-5.7.2.jar;C:\myworkbench\mydata\maven2_repo\org\projectlombok\lombok\1.18.24\lombok-1.18.24.jar;C:\myworkbench\mydata\maven2_repo\org\springframework\boot\spring-boot-starter-data-jpa\2.7.1\spring-boot-starter-data-jpa-2.7.1.jar;C:\myworkbench\mydata\maven2_repo\org\springframework\boot\spring-boot-starter-aop\2.7.1\spring-boot-starter-aop-2.7.1.jar;C:\myworkbench\mydata\maven2_repo\org\aspectj\aspectjweaver\1.9.7\aspectjweaver-1.9.7.jar;C:\myworkbench\mydata\maven2_repo\jakarta\transaction\jakarta.transaction-api\1.3.3\jakarta.transaction-api-1.3.3.jar;C:\myworkbench\mydata\maven2_repo\jakarta\persistence\jakarta.persistence-api\2.2.3\jakarta.persistence-api-2.2.3.jar;C:\myworkbench\mydata\maven2_repo\org\hibernate\hibernate-core\5.6.9.Final\hibernate-core-5.6.9.Final.jar;C:\myworkbench\mydata\maven2_repo\net\bytebuddy\byte-buddy\1.12.11\byte-buddy-1.12.11.jar;C:\myworkbench\mydata\maven2_repo\antlr\antlr\2.7.7\antlr-2.7.7.jar;C:\myworkbench\mydata\maven2_repo\org\jboss\jandex\2.4.2.Final\jandex-2.4.2.Final.jar;C:\myworkbench\mydata\maven2_repo\org\hibernate\common\hibernate-commons-annotations\5.1.2.Final\hibernate-commons-annotations-5.1.2.Final.jar;C:\myworkbench\mydata\maven2_repo\org\glassfish\jaxb\jaxb-runtime\2.3.6\jaxb-runtime-2.3.6.jar;C:\myworkbench\mydata\maven2_repo\jakarta\xml\bind\jakarta.xml.bind-api\2.3.3\jakarta.xml.bind-api-2.3.3.jar;C:\myworkbench\mydata\maven2_repo\org\glassfish\jaxb\txw2\2.3.6\txw2-2.3.6.jar;C:\myworkbench\mydata\maven2_repo\com\sun\istack\istack-commons-runtime\3.0.12\istack-commons-runtime-3.0.12.jar;C:\myworkbench\mydata\maven2_repo\com\sun\activation\jakarta.activation\1.2.2\jakarta.activation-1.2.2.jar;C:\myworkbench\mydata\maven2_repo\org\springframework\data\spring-data-jpa\2.7.1\spring-data-jpa-2.7.1.jar;C:\myworkbench\mydata\maven2_repo\org\springframework\data\spring-data-commons\2.7.1\spring-data-commons-2.7.1.jar;C:\myworkbench\mydata\maven2_repo\org\springframework\spring-orm\5.3.21\spring-orm-5.3.21.jar;C:\myworkbench\mydata\maven2_repo\org\springframework\spring-aspects\5.3.21\spring-aspects-5.3.21.jar;"/>
    <property name="sun.cpu.endian" value="little"/>
    <property name="user.home" value="C:\Users\vusimuzi.masilela"/>
    <property name="user.language" value="en"/>
    <property name="java.specification.vendor" value="Oracle Corporation"/>
    <property name="java.version.date" value="2024-07-16"/>
    <property name="java.home" value="C:\Users\vusimuzi.masilela\.jdks\azul-17.0.12"/>
    <property name="file.separator" value="\"/>
    <property name="basedir" value="C:\myworkbench\taco-cloud-application"/>
    <property name="java.vm.compressedOopsMode" value="Zero based"/>
    <property name="line.separator" value="&#10;"/>
    <property name="java.vm.specification.vendor" value="Oracle Corporation"/>
    <property name="java.specification.name" value="Java Platform API Specification"/>
    <property name="surefire.real.class.path" value="C:\Users\VUSIMU~1.MAS\AppData\Local\Temp\surefire16535761430379724913\surefirebooter9215293358988068498.jar"/>
    <property name="user.script" value=""/>
    <property name="sun.management.compiler" value="HotSpot 64-Bit Tiered Compilers"/>
    <property name="java.runtime.version" value="17.0.12+7-LTS"/>
    <property name="user.name" value="vusimuzi.masilela"/>
    <property name="path.separator" value=";"/>
    <property name="os.version" value="10.0"/>
    <property name="java.runtime.name" value="OpenJDK Runtime Environment"/>
    <property name="file.encoding" value="Cp1252"/>
    <property name="java.vm.name" value="OpenJDK 64-Bit Server VM"/>
    <property name="java.vendor.version" value="Zulu17.52+17-CA"/>
    <property name="localRepository" value="C:\myworkbench\mydata\maven2_repo"/>
    <property name="java.vendor.url.bug" value="http://www.azul.com/support/"/>
    <property name="java.io.tmpdir" value="C:\Users\VUSIMU~1.MAS\AppData\Local\Temp\"/>
    <property name="idea.version" value="2024.1.2"/>
    <property name="java.version" value="17.0.12"/>
    <property name="user.dir" value="C:\myworkbench\taco-cloud-application"/>
    <property name="os.arch" value="amd64"/>
    <property name="java.vm.specification.name" value="Java Virtual Machine Specification"/>
    <property name="sun.os.patch.level" value=""/>
    <property name="native.encoding" value="Cp1252"/>
    <property name="java.library.path" value="C:\Users\vusimuzi.masilela\.jdks\azul-17.0.12\bin;C:\WINDOWS\Sun\Java\bin;C:\WINDOWS\system32;C:\WINDOWS;C:\Program Files\Microsoft\jdk-11.0.16.101-hotspot\bin;C:\WINDOWS\system32;C:\WINDOWS;C:\WINDOWS\System32\Wbem;C:\WINDOWS\System32\WindowsPowerShell\v1.0\;C:\WINDOWS\System32\OpenSSH\;C:\ProgramData\chocolatey\bin;C:\myprograms\java\apache-maven-3.8.4\bin;C:\Program Files\Calibre2\;C:\Program Files (x86)\Windows Kits\10\Windows Performance Toolkit\;C:\myprograms\;C:\Program Files\Oracle\VirtualBox;C:\Program Files\Microsoft SQL Server\150\Tools\Binn\;C:\Program Files\Microsoft SQL Server\Client SDK\ODBC\170\Tools\Binn\;C:\myprograms\tar\bin;C:\Program Files (x86)\Calibre2\;C:\Program Files\dotnet\;C:\Program Files\Kubernetes\Minikube;C:\myprograms\git\cmd;C:\Program Files\RedHat\Podman\;C:\Users\vusimuzi.masilela\AppData\Local\Programs\Python\Python310\Scripts\;C:\Users\vusimuzi.masilela\AppData\Local\Programs\Python\Python310\;C:\Users\vusimuzi.masilela\AppData\Local\Microsoft\WindowsApps;C:\Program Files\JetBrains\IntelliJ IDEA Community Edition 2021.3.1\bin;C:\Users\vusimuzi.masilela\AppData\Local\Programs\Microsoft VS Code\bin;C:\myprograms\postgres\bin;C:\Users\vusimuzi.masilela\AppData\Local\atom\bin;C:\Users\vusimuzi.masilela\AppData\Local\JetBrains\Toolbox\scripts;C:\Users\vusimuzi.masilela\AppData\Local\Microsoft\WindowsApps;C:\Users\vusimuzi.masilela\AppData\Roaming\npm;C:\myprograms\apache-maven-3.9.0\bin;C:\Users\vusimuzi.masilela\.dotnet\tools;C:\myprograms\java\jdk1.8.0_321\bin;C:\myprograms\tomcat\bin;C:\myprograms\ant\apache-ant-1.10.12\bin;C:\myprograms\apache-maven-3.9.0\bin;."/>
    <property name="java.vm.info" value="mixed mode, sharing"/>
    <property name="java.vendor" value="Azul Systems, Inc."/>
    <property name="java.vm.version" value="17.0.12+7-LTS"/>
    <property name="sun.io.unicode.encoding" value="UnicodeLittle"/>
    <property name="java.class.version" value="61.0"/>
  </properties>
  <testcase name="test_When_Minus_60_And_50" classname="CalculatorTest" time="0">
    <skipped message="void CalculatorTest.test_When_Minus_60_And_50() is @Disabled"/>
  </testcase>
  <testcase name="test_When_Add_10_And_50" classname="CalculatorTest" time="0">
    <skipped message="Feature still under development"/>
  </testcase>
</testsuite>